TOOL:	xrun	19.09-s003: Started on Oct 29, 2020 at 10:02:42 CET
xrun
	-compile
	-l xrun_compile.log
	-f alu_dut.f
		mtm_Alu.vp
	-f alu_tb.f
		alu_tb.sv
	-v93
	+nowarnDSEM2009
	+nowarnDSEMEL
	+nowarnCGDEFN
	-xmlibdirname INCA_libs_gui
	+access+r
	+gui
	+overwrite
	-nocopyright
	-coverage all
	-covoverwrite
	-covfile xrun_covfile.txt
INCLUDE $PDK_DIR/cds/cds.lib
|
xrun: *W,DLCVAR (/home/student/wpotaczek/cds.lib,1): cds.lib Invalid environment variable ''.
INCLUDE $PDK_DIR/cds/cds.lib
|
xrun: *W,DLCVAR (/home/student/wpotaczek/cds.lib,1): cds.lib Invalid environment variable ''.
INCLUDE $PDK_DIR/cds/cds.lib
|
xrun: *W,DLCVAR (/home/student/wpotaczek/cds.lib,1): cds.lib Invalid environment variable ''.
INCLUDE $PDK_DIR/cds/cds.lib
|
xrun: *W,DLCVAR (/home/student/wpotaczek/cds.lib,1): cds.lib Invalid environment variable ''.
INCLUDE $PDK_DIR/cds/cds.lib
|
xrun: *W,DLCVAR (/home/student/wpotaczek/cds.lib,1): cds.lib Invalid environment variable ''.
INCLUDE $PDK_DIR/cds/cds.lib
|
xmvlog: *W,DLCVAR (/home/student/wpotaczek/cds.lib,1): cds.lib Invalid environment variable ''.
file: mtm_Alu.vp
	module worklib.mtm_Alu:vp
		errors: 0, warnings: 0
		errors: 0, warnings: 0
		errors: 0, warnings: 0
		errors: 0, warnings: 0
file: alu_tb.sv
	module worklib.top:sv
		errors: 0, warnings: 0
	Total errors/warnings found outside modules and primitives:
		errors: 0, warnings: 1
INCLUDE $PDK_DIR/cds/cds.lib
|
xrun: *W,DLCVAR (/home/student/wpotaczek/cds.lib,1): cds.lib Invalid environment variable ''.
INCLUDE $PDK_DIR/cds/cds.lib
|
xrun: *W,DLCVAR (/home/student/wpotaczek/cds.lib,1): cds.lib Invalid environment variable ''.
TOOL:	xrun	19.09-s003: Exiting on Oct 29, 2020 at 10:02:43 CET  (total: 00:00:01)
