TOOL:	xrun	19.09-s003: Started on Oct 29, 2020 at 22:57:49 CET
xrun
	-elaborate
	-l xrun_elaborate.log
	-f alu_dut.f
		mtm_Alu.vp
	-f alu_tb.f
		alu_tb.sv
	-v93
	+nowarnDSEM2009
	+nowarnDSEMEL
	+nowarnCGDEFN
	-xmlibdirname INCA_libs
	+overwrite
	-nocopyright
	-coverage all
	-covoverwrite
	-covfile xrun_covfile.txt
INCLUDE $PDK_DIR/cds/cds.lib
|
xrun: *W,DLCVAR (/home/student/wpotaczek/cds.lib,1): cds.lib Invalid environment variable ''.
INCLUDE $PDK_DIR/cds/cds.lib
|
xrun: *W,DLCVAR (/home/student/wpotaczek/cds.lib,1): cds.lib Invalid environment variable ''.
INCLUDE $PDK_DIR/cds/cds.lib
|
xrun: *W,DLCVAR (/home/student/wpotaczek/cds.lib,1): cds.lib Invalid environment variable ''.
INCLUDE $PDK_DIR/cds/cds.lib
|
xrun: *W,DLCVAR (/home/student/wpotaczek/cds.lib,1): cds.lib Invalid environment variable ''.
INCLUDE $PDK_DIR/cds/cds.lib
|
xrun: *W,DLCVAR (/home/student/wpotaczek/cds.lib,1): cds.lib Invalid environment variable ''.
INCLUDE $PDK_DIR/cds/cds.lib
|
xrun: *W,DLCVAR (/home/student/wpotaczek/cds.lib,1): cds.lib Invalid environment variable ''.
INCLUDE $PDK_DIR/cds/cds.lib
|
xrun: *W,DLCVAR (/home/student/wpotaczek/cds.lib,1): cds.lib Invalid environment variable ''.
INCLUDE $PDK_DIR/cds/cds.lib
|
xrun: *W,DLCVAR (/home/student/wpotaczek/cds.lib,1): cds.lib Invalid environment variable ''.
INCLUDE $PDK_DIR/cds/cds.lib
|
xrun: *W,DLCVAR (/home/student/wpotaczek/cds.lib,1): cds.lib Invalid environment variable ''.
INCLUDE $PDK_DIR/cds/cds.lib
|
xmelab: *W,DLCVAR (/home/student/wpotaczek/cds.lib,1): cds.lib Invalid environment variable ''.
		Caching library 'worklib' ....... Done
	Elaborating the design hierarchy:
	Top level design units:
		top

	Extracting FSMs for coverage:
		worklib.mtm_Alu
		worklib.top
	Total FSMs extracted = 0
	   decode_sin(q_sin_A_scor,q_sin_B_scor,q_sin_CTL_scor, A_scor, B_scor, OP_scor);
	                                                                              |
xmelab: *W,ENUMERR (./alu_tb.sv,539|79): This assignment is a violation of SystemVerilog strong typing rules for enumeration datatypes.
	Building instance overlay tables: .................... Done
	Enabling instrumentation for coverage types: block expression FSM toggle functional
	Generating native compiled code:
INCLUDE $PDK_DIR/cds/cds.lib
|
xmvlog_cg: *W,DLCVAR (/home/student/wpotaczek/cds.lib,1): cds.lib Invalid environment variable ''.
			streams:   7, words:  3972
			streams:   9, words: 25661
			streams:   7, words:  3321
		worklib.top:sv <0x79080ecb>
			streams:  31, words: 110779
	logic [7:0] q_sin_A_scor[$];
	                       |
xmelab: *W,COVUTA (./alu_tb.sv,37|24): Toggle coverage is not supported for SystemVerilog integer, real, string, dynamic array, sparse memory and reference ports. It is also not supported for VHDL multi-dimensional array and array of record. There may also be other such objects in the design.
	Building instance specific data structures.
	Performing constant object marking (COM) analysis.
	Loading native compiled code:     .................... Done
	Design hierarchy summary:
		                 Instances  Unique
		Modules:                 5       5
		Registers:             113     113
		Scalar wires:            7       -
		Vectored wires:          3       -
		Always blocks:          16      16
		Initial blocks:          7       7
		Cont. assignments:       1       1
		Pseudo assignments:      2       2
		Covergroup Instances:    0       2
		Simulation timescale:  1ps
	Writing initial simulation snapshot: worklib.top:sv
TOOL:	xrun	19.09-s003: Exiting on Oct 29, 2020 at 22:57:50 CET  (total: 00:00:01)
