TOOL:	xrun	19.09-s003: Started on Nov 05, 2020 at 22:26:34 CET
xrun
	-compile
	-l xrun_compile.log
	-f alu_dut.f
		mtm_Alu.vp
	-f alu_tb.f
		alu_pkg.svh
		alu_bfm.svh
		coverage.svh
		tester.svh
		scoreboard.svh
		top.sv
	-v93
	+nowarnDSEM2009
	+nowarnDSEMEL
	+nowarnCGDEFN
	-xmlibdirname INCA_libs
	+overwrite
	-nocopyright
	-coverage all
	-covoverwrite
	-covfile xrun_covfile.txt
INCLUDE $PDK_DIR/cds/cds.lib
|
xrun: *W,DLCVAR (/home/student/wpotaczek/cds.lib,1): cds.lib Invalid environment variable ''.
INCLUDE $PDK_DIR/cds/cds.lib
|
xrun: *W,DLCVAR (/home/student/wpotaczek/cds.lib,1): cds.lib Invalid environment variable ''.
INCLUDE $PDK_DIR/cds/cds.lib
|
xrun: *W,DLCVAR (/home/student/wpotaczek/cds.lib,1): cds.lib Invalid environment variable ''.
INCLUDE $PDK_DIR/cds/cds.lib
|
xrun: *W,DLCVAR (/home/student/wpotaczek/cds.lib,1): cds.lib Invalid environment variable ''.
INCLUDE $PDK_DIR/cds/cds.lib
|
xrun: *W,DLCVAR (/home/student/wpotaczek/cds.lib,1): cds.lib Invalid environment variable ''.
INCLUDE $PDK_DIR/cds/cds.lib
|
xmvlog: *W,DLCVAR (/home/student/wpotaczek/cds.lib,1): cds.lib Invalid environment variable ''.
file: mtm_Alu.vp
	module worklib.mtm_Alu:vp
		errors: 0, warnings: 0
		errors: 0, warnings: 0
		errors: 0, warnings: 0
		errors: 0, warnings: 0
file: alu_pkg.svh
	package worklib.alu_pkg:svh
		errors: 0, warnings: 0
file: alu_bfm.svh
	interface worklib.alu_bfm:svh
		errors: 0, warnings: 0
file: coverage.svh
	module worklib.coverage:svh
		errors: 0, warnings: 0
file: tester.svh
	module worklib.tester:svh
		errors: 0, warnings: 0
file: scoreboard.svh
	module worklib.scoreboard:svh
		errors: 0, warnings: 0
file: top.sv
	module worklib.top:sv
		errors: 0, warnings: 0
	Total errors/warnings found outside modules and primitives:
		errors: 0, warnings: 1
INCLUDE $PDK_DIR/cds/cds.lib
|
xrun: *W,DLCVAR (/home/student/wpotaczek/cds.lib,1): cds.lib Invalid environment variable ''.
INCLUDE $PDK_DIR/cds/cds.lib
|
xrun: *W,DLCVAR (/home/student/wpotaczek/cds.lib,1): cds.lib Invalid environment variable ''.
TOOL:	xrun	19.09-s003: Exiting on Nov 05, 2020 at 22:26:34 CET  (total: 00:00:00)
