TOOL:	xrun	19.09-s003: Started on Nov 05, 2020 at 22:26:34 CET
xrun
	-elaborate
	-l xrun_elaborate.log
	-f alu_dut.f
		mtm_Alu.vp
	-f alu_tb.f
		alu_pkg.svh
		alu_bfm.svh
		coverage.svh
		tester.svh
		scoreboard.svh
		top.sv
	-v93
	+nowarnDSEM2009
	+nowarnDSEMEL
	+nowarnCGDEFN
	-xmlibdirname INCA_libs
	+overwrite
	-nocopyright
	-coverage all
	-covoverwrite
	-covfile xrun_covfile.txt
INCLUDE $PDK_DIR/cds/cds.lib
|
xrun: *W,DLCVAR (/home/student/wpotaczek/cds.lib,1): cds.lib Invalid environment variable ''.
INCLUDE $PDK_DIR/cds/cds.lib
|
xrun: *W,DLCVAR (/home/student/wpotaczek/cds.lib,1): cds.lib Invalid environment variable ''.
INCLUDE $PDK_DIR/cds/cds.lib
|
xrun: *W,DLCVAR (/home/student/wpotaczek/cds.lib,1): cds.lib Invalid environment variable ''.
INCLUDE $PDK_DIR/cds/cds.lib
|
xrun: *W,DLCVAR (/home/student/wpotaczek/cds.lib,1): cds.lib Invalid environment variable ''.
INCLUDE $PDK_DIR/cds/cds.lib
|
xrun: *W,DLCVAR (/home/student/wpotaczek/cds.lib,1): cds.lib Invalid environment variable ''.
INCLUDE $PDK_DIR/cds/cds.lib
|
xrun: *W,DLCVAR (/home/student/wpotaczek/cds.lib,1): cds.lib Invalid environment variable ''.
INCLUDE $PDK_DIR/cds/cds.lib
|
xrun: *W,DLCVAR (/home/student/wpotaczek/cds.lib,1): cds.lib Invalid environment variable ''.
INCLUDE $PDK_DIR/cds/cds.lib
|
xrun: *W,DLCVAR (/home/student/wpotaczek/cds.lib,1): cds.lib Invalid environment variable ''.
INCLUDE $PDK_DIR/cds/cds.lib
|
xrun: *W,DLCVAR (/home/student/wpotaczek/cds.lib,1): cds.lib Invalid environment variable ''.
INCLUDE $PDK_DIR/cds/cds.lib
|
xmelab: *W,DLCVAR (/home/student/wpotaczek/cds.lib,1): cds.lib Invalid environment variable ''.
		Caching library 'worklib' ....... Done
	Elaborating the design hierarchy:
	Top level design units:
		alu_pkg
		top

	Extracting FSMs for coverage:
		worklib.tester
		worklib.coverage
		worklib.scoreboard
		worklib.mtm_Alu
		worklib.top
	Total FSMs extracted = 0
	   bfm.decode_sin(q_sin_A_scor,q_sin_B_scor,q_sin_CTL_scor, A_scor, B_scor, OP_scor);
	                                                                                  |
xmelab: *W,ENUMERR (./scoreboard.svh,42|83): This assignment is a violation of SystemVerilog strong typing rules for enumeration datatypes.
	Building instance overlay tables: .................... Done
	Enabling instrumentation for coverage types: block expression FSM toggle functional
	Generating native compiled code:
INCLUDE $PDK_DIR/cds/cds.lib
|
xmvlog_cg: *W,DLCVAR (/home/student/wpotaczek/cds.lib,1): cds.lib Invalid environment variable ''.
			streams:   7, words:  3972
			streams:   9, words: 25661
			streams:   7, words:  3321
		worklib.scoreboard:svh <0x74651a4d>
			streams:   7, words: 13412
		worklib.coverage:svh <0x446bde56>
			streams:   6, words:  6346
		worklib.tester:svh <0x4d8fea74>
			streams:   4, words: 15370
		worklib.top:sv <0x18d99dd3>
			streams:   3, words:   282
		worklib.alu_bfm:svh <0x2269587c>
			streams:  17, words: 76292
	shortint predicted_result;
	                        |
xmelab: *W,COVUTA (./scoreboard.svh,24|25): Toggle coverage is not supported for SystemVerilog integer, real, string, dynamic array, sparse memory and reference ports. It is also not supported for VHDL multi-dimensional array and array of record. There may also be other such objects in the design.
	Building instance specific data structures.
	Performing constant object marking (COM) analysis.
	Loading native compiled code:     .................... Done
	Design hierarchy summary:
		                 Instances  Unique
		Modules:                 8       8
		Interfaces:              1       1
		Verilog packages:        1       1
		Registers:             114     114
		Scalar wires:            7       -
		Vectored wires:          2       -
		Always blocks:          16      16
		Initial blocks:          9       9
		Final blocks:            1       1
		Pseudo assignments:      3       3
		Covergroup Instances:    0       2
		Simulation timescale:  1ps
	Writing initial simulation snapshot: worklib.top:sv
TOOL:	xrun	19.09-s003: Exiting on Nov 05, 2020 at 22:26:34 CET  (total: 00:00:00)
