*I,RUNLD: Successfully loaded run /home/student/wpotaczek/VDIC/lab02part1/cov_work/scope/lab01.
*I,MERGL1: Merging Simulation Coverage ...
----------------------------
*I,MERGL1: Preparing target model ...
*I,MERGL1: Reading model of primary run (cov_work/scope/lab01) as initial model: cov_work/scope/icc_3ceb87ff_577ea99b.ucm
*I,MERGL1: Target model generated successfully.
*I,MERGL1: Projecting Simulation ucd data into the target model ...
*I,MERGL2:   cov_work/scope/lab01:
*I,MERGL3:       Data is projected in to the target model.
*I,MERGL1: Writing output database cov_work/scope/merged_results:
*I,MERGL2:   Model: cov_work/scope/merged_results/icc_3ceb87ff_577ea99b.ucm
*I,MERGL2:   Data : cov_work/scope/merged_results/icc_3ceb87ff_577ea99b.ucd
*I,MERGL1: No Specman coverage databases found in the runs.
Total conflicts during target model creation: 0
Total items not merged                      : 0
Total runs not considered during target model creation: 0
Total runs not merged                                 : 0
*I,RUNLD: Successfully loaded run /home/student/wpotaczek/VDIC/lab02part1/cov_work/scope/merged_results.
*W,REPDEP: This is a legacy report and no future enhancement is planned for this report. It is recommended that you use the 'report_metrics' command and generate a dynamic report.
name                                     Overall Average      Overall Covered      Code Average         Code Covered         Fsm Average          Fsm Covered          Functional Average   Functional Covered   
-----------------------------------------------------------------------------------------------------------------------------------------------------------------------------------------------------------------
top                                      n/a                  n/a                  n/a                  n/a                  n/a                  n/a                  n/a                  n/a                  
|--bfm                                   88.74%               75.82% (439/579)     88.74%               75.82% (439/579)     n/a                  n/a                  n/a                  n/a                  
|--tester_i                              100.00%              100.00% (60/60)      100.00%              100.00% (60/60)      n/a                  n/a                  n/a                  n/a                  
|--coverage_i                            100.00%              100.00% (190/190)    100.00%              100.00% (73/73)      n/a                  n/a                  100.00%              100.00% (117/117)    
|--scoreboard_i                          83.64%               85.21% (219/257/11)  83.64%               85.21% (219/257/11)  n/a                  n/a                  n/a                  n/a                  
|--DUT                                   96.43%               96.43% (54/56)       96.43%               96.43% (54/56)       n/a                  n/a                  n/a                  n/a                  
